{"/home/wtho/workspace/commit-editor/commit-editor-app/src/lib/observable.ts": {"path":"/home/wtho/workspace/commit-editor/commit-editor-app/src/lib/observable.ts","statementMap":{"0":{"start":{"line":8,"column":37},"end":{"line":8,"column":39}},"1":{"start":{"line":11,"column":4},"end":{"line":11,"column":41}},"2":{"start":{"line":15,"column":4},"end":{"line":15,"column":56}},"3":{"start":{"line":15,"column":39},"end":{"line":15,"column":54}},"4":{"start":{"line":19,"column":4},"end":{"line":19,"column":null}},"5":{"start":{"line":7,"column":0},"end":{"line":7,"column":13}}},"fnMap":{"0":{"name":"(anonymous_0)","decl":{"start":{"line":10,"column":2},"end":{"line":10,"column":11}},"loc":{"start":{"line":10,"column":33},"end":{"line":12,"column":3}}},"1":{"name":"(anonymous_1)","decl":{"start":{"line":14,"column":2},"end":{"line":14,"column":8}},"loc":{"start":{"line":14,"column":17},"end":{"line":16,"column":3}}},"2":{"name":"(anonymous_2)","decl":{"start":{"line":15,"column":27},"end":{"line":15,"column":35}},"loc":{"start":{"line":15,"column":39},"end":{"line":15,"column":54}}},"3":{"name":"(anonymous_3)","decl":{"start":{"line":18,"column":2},"end":{"line":18,"column":6}},"loc":{"start":{"line":18,"column":16},"end":{"line":20,"column":3}}}},"branchMap":{},"s":{"0":2,"1":4,"2":4,"3":9,"4":1,"5":1},"f":{"0":4,"1":4,"2":9,"3":1},"b":{}}
}
